2025-05-25 11:10:30.677 +05:00 [ERR] An error occurred using the connection to database 'product_service' on server 'tcp://localhost:5432'.
2025-05-25 11:10:31.335 +05:00 [INF] Executed DbCommand (344ms) [Parameters=[], CommandType='"Text"', CommandTimeout='30']
CREATE DATABASE product_service;
2025-05-25 11:10:31.506 +05:00 [INF] Executed DbCommand (13ms) [Parameters=[], CommandType='"Text"', CommandTimeout='30']
CREATE TABLE IF NOT EXISTS "__EFMigrationsHistory" (
    migration_id character varying(150) NOT NULL,
    product_version character varying(32) NOT NULL,
    CONSTRAINT pk___ef_migrations_history PRIMARY KEY (migration_id)
);
2025-05-25 11:10:31.512 +05:00 [INF] Acquiring an exclusive lock for migration application. See https://aka.ms/efcore-docs-migrations-lock for more information if this takes too long.
2025-05-25 11:10:31.515 +05:00 [INF] Executed DbCommand (2ms) [Parameters=[], CommandType='"Text"', CommandTimeout='30']
LOCK TABLE "__EFMigrationsHistory" IN ACCESS EXCLUSIVE MODE
2025-05-25 11:10:31.519 +05:00 [INF] Executed DbCommand (3ms) [Parameters=[], CommandType='"Text"', CommandTimeout='30']
SELECT migration_id, product_version
FROM "__EFMigrationsHistory"
ORDER BY migration_id;
2025-05-25 11:10:31.530 +05:00 [INF] Applying migration '20250525061020_InitialMigration'.
2025-05-25 11:10:31.547 +05:00 [INF] Executed DbCommand (9ms) [Parameters=[], CommandType='"Text"', CommandTimeout='30']
CREATE TABLE products (
    id integer GENERATED BY DEFAULT AS IDENTITY,
    name text NOT NULL,
    description text NOT NULL,
    price numeric NOT NULL,
    stock integer NOT NULL,
    CONSTRAINT pk_products PRIMARY KEY (id)
);
2025-05-25 11:10:31.548 +05:00 [INF] Executed DbCommand (1ms) [Parameters=[], CommandType='"Text"', CommandTimeout='30']
INSERT INTO "__EFMigrationsHistory" (migration_id, product_version)
VALUES ('20250525061020_InitialMigration', '9.0.5');
2025-05-25 11:10:39.241 +05:00 [INF] Now listening on: https://localhost:7081
2025-05-25 11:10:39.275 +05:00 [INF] Now listening on: http://localhost:5163
2025-05-25 11:10:39.350 +05:00 [INF] Application started. Press Ctrl+C to shut down.
2025-05-25 11:10:39.353 +05:00 [INF] Hosting environment: Development
2025-05-25 11:10:39.354 +05:00 [INF] Content root path: E:\c# .net\ProductService\ProductService
2025-05-25 11:10:43.053 +05:00 [INF] Request starting HTTP/2 GET https://localhost:7081/ - null null
2025-05-25 11:10:43.203 +05:00 [INF] Request finished HTTP/2 GET https://localhost:7081/ - 404 0 null 163.7074ms
2025-05-25 11:10:43.210 +05:00 [INF] Request reached the end of the middleware pipeline without being handled by application code. Request path: GET https://localhost:7081/, Response status code: 404
2025-05-25 11:10:47.085 +05:00 [INF] Request starting HTTP/2 GET https://localhost:7081/swagger - null null
2025-05-25 11:10:47.099 +05:00 [INF] Request finished HTTP/2 GET https://localhost:7081/swagger - 301 0 null 14.164ms
2025-05-25 11:10:47.108 +05:00 [INF] Request starting HTTP/2 GET https://localhost:7081/swagger/index.html - null null
2025-05-25 11:10:47.177 +05:00 [INF] Request finished HTTP/2 GET https://localhost:7081/swagger/index.html - 200 null text/html;charset=utf-8 69.6644ms
2025-05-25 11:10:47.198 +05:00 [INF] Request starting HTTP/2 GET https://localhost:7081/swagger/swagger-ui.css - null null
2025-05-25 11:10:47.200 +05:00 [INF] Request starting HTTP/2 GET https://localhost:7081/swagger/index.js - null null
2025-05-25 11:10:47.200 +05:00 [INF] Request starting HTTP/2 GET https://localhost:7081/_framework/aspnetcore-browser-refresh.js - null null
2025-05-25 11:10:47.198 +05:00 [INF] Request starting HTTP/2 GET https://localhost:7081/swagger/index.css - null null
2025-05-25 11:10:47.213 +05:00 [INF] Request finished HTTP/2 GET https://localhost:7081/swagger/index.js - 200 null application/javascript;charset=utf-8 13.2857ms
2025-05-25 11:10:47.198 +05:00 [INF] Request starting HTTP/2 GET https://localhost:7081/swagger/swagger-ui-bundle.js - null null
2025-05-25 11:10:47.198 +05:00 [INF] Request starting HTTP/2 GET https://localhost:7081/swagger/swagger-ui-standalone-preset.js - null null
2025-05-25 11:10:47.231 +05:00 [INF] Request finished HTTP/2 GET https://localhost:7081/_framework/aspnetcore-browser-refresh.js - 200 13764 application/javascript; charset=utf-8 30.5938ms
2025-05-25 11:10:47.236 +05:00 [INF] Sending file. Request path: '/index.css'. Physical path: 'N/A'
2025-05-25 11:10:47.242 +05:00 [INF] Request finished HTTP/2 GET https://localhost:7081/swagger/index.css - 200 202 text/css 44.4542ms
2025-05-25 11:10:47.246 +05:00 [INF] Sending file. Request path: '/swagger-ui.css'. Physical path: 'N/A'
2025-05-25 11:10:47.248 +05:00 [INF] Sending file. Request path: '/swagger-ui-standalone-preset.js'. Physical path: 'N/A'
2025-05-25 11:10:47.251 +05:00 [INF] Request finished HTTP/2 GET https://localhost:7081/swagger/swagger-ui.css - 200 154949 text/css 53.6504ms
2025-05-25 11:10:47.252 +05:00 [INF] Request finished HTTP/2 GET https://localhost:7081/swagger/swagger-ui-standalone-preset.js - 200 229223 text/javascript 54.413ms
2025-05-25 11:10:47.272 +05:00 [INF] Sending file. Request path: '/swagger-ui-bundle.js'. Physical path: 'N/A'
2025-05-25 11:10:47.274 +05:00 [INF] Request finished HTTP/2 GET https://localhost:7081/swagger/swagger-ui-bundle.js - 200 1484234 text/javascript 76.4591ms
2025-05-25 11:10:47.653 +05:00 [INF] Request starting HTTP/2 GET https://localhost:7081/_vs/browserLink - null null
2025-05-25 11:10:47.731 +05:00 [INF] Request finished HTTP/2 GET https://localhost:7081/_vs/browserLink - 200 null text/javascript; charset=UTF-8 77.8365ms
2025-05-25 11:10:48.434 +05:00 [INF] Request starting HTTP/2 GET https://localhost:7081/swagger/v1/swagger.json - null null
2025-05-25 11:10:48.465 +05:00 [INF] Request starting HTTP/2 GET https://localhost:7081/swagger/favicon-32x32.png - null null
2025-05-25 11:10:48.469 +05:00 [INF] Sending file. Request path: '/favicon-32x32.png'. Physical path: 'N/A'
2025-05-25 11:10:48.472 +05:00 [INF] Request finished HTTP/2 GET https://localhost:7081/swagger/favicon-32x32.png - 200 628 image/png 7.1819ms
2025-05-25 11:10:48.574 +05:00 [INF] Request finished HTTP/2 GET https://localhost:7081/swagger/v1/swagger.json - 200 null application/json;charset=utf-8 140.7316ms
2025-05-25 11:11:19.861 +05:00 [INF] Request starting HTTP/2 POST https://localhost:7081/api/Products - application/json 103
2025-05-25 11:11:19.870 +05:00 [INF] Executing endpoint 'ProductService.Controllers.ProductsController.Create (ProductService)'
2025-05-25 11:11:19.894 +05:00 [INF] Route matched with {action = "Create", controller = "Products"}. Executing controller action with signature System.Threading.Tasks.Task`1[Microsoft.AspNetCore.Mvc.IActionResult] Create(ProductService.Dtos.CreateProductDto) on controller ProductService.Controllers.ProductsController (ProductService).
2025-05-25 11:11:20.907 +05:00 [INF] Executed DbCommand (63ms) [Parameters=[@p0='?', @p1='?', @p2='?' (DbType = Decimal), @p3='?' (DbType = Int32)], CommandType='"Text"', CommandTimeout='30']
INSERT INTO products (description, name, price, stock)
VALUES (@p0, @p1, @p2, @p3)
RETURNING id;
2025-05-25 11:11:20.961 +05:00 [INF] Executing CreatedResult, writing value of type 'null'.
2025-05-25 11:11:20.966 +05:00 [INF] Executed action ProductService.Controllers.ProductsController.Create (ProductService) in 1067.4695ms
2025-05-25 11:11:20.968 +05:00 [INF] Executed endpoint 'ProductService.Controllers.ProductsController.Create (ProductService)'
2025-05-25 11:11:20.975 +05:00 [INF] Request finished HTTP/2 POST https://localhost:7081/api/Products - 204 null null 1113.4892ms
2025-05-25 11:11:27.105 +05:00 [INF] Request starting HTTP/2 GET https://localhost:7081/api/Products/1 - null null
2025-05-25 11:11:27.109 +05:00 [INF] Executing endpoint 'ProductService.Controllers.ProductsController.GetById (ProductService)'
2025-05-25 11:11:27.119 +05:00 [INF] Route matched with {action = "GetById", controller = "Products"}. Executing controller action with signature System.Threading.Tasks.Task`1[Microsoft.AspNetCore.Mvc.IActionResult] GetById(Int32) on controller ProductService.Controllers.ProductsController (ProductService).
2025-05-25 11:11:27.399 +05:00 [INF] Executed DbCommand (1ms) [Parameters=[@__id_0='?' (DbType = Int32)], CommandType='"Text"', CommandTimeout='30']
SELECT p.id, p.description, p.name, p.price, p.stock
FROM products AS p
WHERE p.id = @__id_0
LIMIT 1
2025-05-25 11:11:27.413 +05:00 [INF] Executing OkObjectResult, writing value of type 'ProductService.Dtos.ProductDto'.
2025-05-25 11:11:27.420 +05:00 [INF] Executed action ProductService.Controllers.ProductsController.GetById (ProductService) in 299.0208ms
2025-05-25 11:11:27.423 +05:00 [INF] Executed endpoint 'ProductService.Controllers.ProductsController.GetById (ProductService)'
2025-05-25 11:11:27.424 +05:00 [INF] Request finished HTTP/2 GET https://localhost:7081/api/Products/1 - 200 null application/json; charset=utf-8 318.8069ms
2025-05-25 11:11:40.961 +05:00 [INF] Request starting HTTP/2 PUT https://localhost:7081/api/Products/1/stock - application/json 19
2025-05-25 11:11:40.967 +05:00 [INF] Executing endpoint 'ProductService.Controllers.ProductsController.UpdateStock (ProductService)'
2025-05-25 11:11:40.975 +05:00 [INF] Route matched with {action = "UpdateStock", controller = "Products"}. Executing controller action with signature System.Threading.Tasks.Task`1[Microsoft.AspNetCore.Mvc.IActionResult] UpdateStock(Int32, ProductService.Dtos.UpdateStockDto) on controller ProductService.Controllers.ProductsController (ProductService).
2025-05-25 11:11:40.997 +05:00 [INF] Executed DbCommand (1ms) [Parameters=[@__id_0='?' (DbType = Int32)], CommandType='"Text"', CommandTimeout='30']
SELECT p.id, p.description, p.name, p.price, p.stock
FROM products AS p
WHERE p.id = @__id_0
LIMIT 1
2025-05-25 11:11:41.008 +05:00 [INF] Executed DbCommand (3ms) [Parameters=[@p4='?' (DbType = Int32), @p0='?', @p1='?', @p2='?' (DbType = Decimal), @p3='?' (DbType = Int32)], CommandType='"Text"', CommandTimeout='30']
UPDATE products SET description = @p0, name = @p1, price = @p2, stock = @p3
WHERE id = @p4;
2025-05-25 11:11:41.013 +05:00 [INF] Executing StatusCodeResult, setting HTTP status code 204
2025-05-25 11:11:41.015 +05:00 [INF] Executed action ProductService.Controllers.ProductsController.UpdateStock (ProductService) in 38.0103ms
2025-05-25 11:11:41.018 +05:00 [INF] Executed endpoint 'ProductService.Controllers.ProductsController.UpdateStock (ProductService)'
2025-05-25 11:11:41.019 +05:00 [INF] Request finished HTTP/2 PUT https://localhost:7081/api/Products/1/stock - 204 null null 58.3557ms
2025-05-25 11:11:45.188 +05:00 [INF] Request starting HTTP/2 GET https://localhost:7081/api/Products/1 - null null
2025-05-25 11:11:45.194 +05:00 [INF] Executing endpoint 'ProductService.Controllers.ProductsController.GetById (ProductService)'
2025-05-25 11:11:45.195 +05:00 [INF] Route matched with {action = "GetById", controller = "Products"}. Executing controller action with signature System.Threading.Tasks.Task`1[Microsoft.AspNetCore.Mvc.IActionResult] GetById(Int32) on controller ProductService.Controllers.ProductsController (ProductService).
2025-05-25 11:11:45.200 +05:00 [INF] Executed DbCommand (1ms) [Parameters=[@__id_0='?' (DbType = Int32)], CommandType='"Text"', CommandTimeout='30']
SELECT p.id, p.description, p.name, p.price, p.stock
FROM products AS p
WHERE p.id = @__id_0
LIMIT 1
2025-05-25 11:11:45.203 +05:00 [INF] Executing OkObjectResult, writing value of type 'ProductService.Dtos.ProductDto'.
2025-05-25 11:11:45.204 +05:00 [INF] Executed action ProductService.Controllers.ProductsController.GetById (ProductService) in 7.1541ms
2025-05-25 11:11:45.206 +05:00 [INF] Executed endpoint 'ProductService.Controllers.ProductsController.GetById (ProductService)'
2025-05-25 11:11:45.207 +05:00 [INF] Request finished HTTP/2 GET https://localhost:7081/api/Products/1 - 200 null application/json; charset=utf-8 19.8264ms
2025-05-25 11:58:16.327 +05:00 [INF] Now listening on: https://localhost:7081
2025-05-25 11:58:16.358 +05:00 [INF] Now listening on: http://localhost:5163
2025-05-25 11:58:16.424 +05:00 [INF] Application started. Press Ctrl+C to shut down.
2025-05-25 11:58:16.427 +05:00 [INF] Hosting environment: Development
2025-05-25 11:58:16.428 +05:00 [INF] Content root path: E:\c# .net\ProductService\ProductService
2025-05-25 12:03:40.783 +05:00 [INF] Now listening on: https://localhost:7081
2025-05-25 12:03:40.817 +05:00 [INF] Now listening on: http://localhost:5163
2025-05-25 12:03:40.895 +05:00 [INF] Application started. Press Ctrl+C to shut down.
2025-05-25 12:03:40.897 +05:00 [INF] Hosting environment: Development
2025-05-25 12:03:40.899 +05:00 [INF] Content root path: E:\c# .net\ProductService\ProductService
2025-05-25 12:06:09.726 +05:00 [INF] Request starting HTTP/2 GET https://localhost:7081/api/Products/1 - null null
2025-05-25 12:06:09.766 +05:00 [INF] Executing endpoint 'ProductService.Controllers.ProductsController.GetById (ProductService)'
2025-05-25 12:06:09.796 +05:00 [INF] Route matched with {action = "GetById", controller = "Products"}. Executing controller action with signature System.Threading.Tasks.Task`1[Microsoft.AspNetCore.Mvc.IActionResult] GetById(Int32) on controller ProductService.Controllers.ProductsController (ProductService).
2025-05-25 12:06:11.129 +05:00 [INF] Executed DbCommand (50ms) [Parameters=[@__id_0='?' (DbType = Int32)], CommandType='"Text"', CommandTimeout='30']
SELECT p.id, p.description, p.name, p.price, p.stock
FROM products AS p
WHERE p.id = @__id_0
LIMIT 1
2025-05-25 12:06:11.223 +05:00 [INF] Executing OkObjectResult, writing value of type 'ProductService.Dtos.ProductDto'.
2025-05-25 12:06:11.245 +05:00 [INF] Executed action ProductService.Controllers.ProductsController.GetById (ProductService) in 1443.2143ms
2025-05-25 12:06:11.248 +05:00 [INF] Executed endpoint 'ProductService.Controllers.ProductsController.GetById (ProductService)'
2025-05-25 12:06:11.258 +05:00 [INF] Request finished HTTP/2 GET https://localhost:7081/api/Products/1 - 200 null application/json; charset=utf-8 1541.3335ms
2025-05-25 12:06:26.415 +05:00 [INF] Request starting HTTP/1.1 GET https://localhost:7081/products/1 - null null
2025-05-25 12:06:26.425 +05:00 [INF] Request finished HTTP/1.1 GET https://localhost:7081/products/1 - 404 0 null 10.6122ms
2025-05-25 12:06:26.430 +05:00 [INF] Request reached the end of the middleware pipeline without being handled by application code. Request path: GET https://localhost:7081/products/1, Response status code: 404
2025-05-25 12:06:33.791 +05:00 [INF] Request starting HTTP/2 GET https://localhost:7081/api/Products/1 - null null
2025-05-25 12:06:33.795 +05:00 [INF] Executing endpoint 'ProductService.Controllers.ProductsController.GetById (ProductService)'
2025-05-25 12:06:33.796 +05:00 [INF] Route matched with {action = "GetById", controller = "Products"}. Executing controller action with signature System.Threading.Tasks.Task`1[Microsoft.AspNetCore.Mvc.IActionResult] GetById(Int32) on controller ProductService.Controllers.ProductsController (ProductService).
2025-05-25 12:06:33.823 +05:00 [INF] Executed DbCommand (6ms) [Parameters=[@__id_0='?' (DbType = Int32)], CommandType='"Text"', CommandTimeout='30']
SELECT p.id, p.description, p.name, p.price, p.stock
FROM products AS p
WHERE p.id = @__id_0
LIMIT 1
2025-05-25 12:06:33.826 +05:00 [INF] Executing OkObjectResult, writing value of type 'ProductService.Dtos.ProductDto'.
2025-05-25 12:06:33.828 +05:00 [INF] Executed action ProductService.Controllers.ProductsController.GetById (ProductService) in 29.6781ms
2025-05-25 12:06:33.829 +05:00 [INF] Executed endpoint 'ProductService.Controllers.ProductsController.GetById (ProductService)'
2025-05-25 12:06:33.830 +05:00 [INF] Request finished HTTP/2 GET https://localhost:7081/api/Products/1 - 200 null application/json; charset=utf-8 39.6737ms
2025-05-25 12:08:39.306 +05:00 [INF] Request starting HTTP/1.1 GET https://localhost:7081/Products/1 - null null
2025-05-25 12:08:39.310 +05:00 [INF] Request finished HTTP/1.1 GET https://localhost:7081/Products/1 - 404 0 null 3.8704ms
2025-05-25 12:08:39.313 +05:00 [INF] Request reached the end of the middleware pipeline without being handled by application code. Request path: GET https://localhost:7081/Products/1, Response status code: 404
2025-05-25 12:08:40.542 +05:00 [INF] Request starting HTTP/1.1 GET https://localhost:7081/Products/1 - null null
2025-05-25 12:08:40.545 +05:00 [INF] Request finished HTTP/1.1 GET https://localhost:7081/Products/1 - 404 0 null 2.8288ms
2025-05-25 12:08:40.547 +05:00 [INF] Request reached the end of the middleware pipeline without being handled by application code. Request path: GET https://localhost:7081/Products/1, Response status code: 404
2025-05-25 12:08:41.665 +05:00 [INF] Request starting HTTP/1.1 GET https://localhost:7081/Products/1 - null null
2025-05-25 12:08:41.668 +05:00 [INF] Request finished HTTP/1.1 GET https://localhost:7081/Products/1 - 404 0 null 2.5215ms
2025-05-25 12:08:41.671 +05:00 [INF] Request reached the end of the middleware pipeline without being handled by application code. Request path: GET https://localhost:7081/Products/1, Response status code: 404
2025-05-25 12:08:42.370 +05:00 [INF] Request starting HTTP/1.1 GET https://localhost:7081/Products/1 - null null
2025-05-25 12:08:42.374 +05:00 [INF] Request finished HTTP/1.1 GET https://localhost:7081/Products/1 - 404 0 null 3.7721ms
2025-05-25 12:08:42.379 +05:00 [INF] Request reached the end of the middleware pipeline without being handled by application code. Request path: GET https://localhost:7081/Products/1, Response status code: 404
2025-05-25 12:08:43.017 +05:00 [INF] Request starting HTTP/1.1 GET https://localhost:7081/Products/1 - null null
2025-05-25 12:08:43.020 +05:00 [INF] Request finished HTTP/1.1 GET https://localhost:7081/Products/1 - 404 0 null 3.2316ms
2025-05-25 12:08:43.024 +05:00 [INF] Request reached the end of the middleware pipeline without being handled by application code. Request path: GET https://localhost:7081/Products/1, Response status code: 404
2025-05-25 12:08:43.829 +05:00 [INF] Request starting HTTP/1.1 GET https://localhost:7081/Products/1 - null null
2025-05-25 12:08:43.832 +05:00 [INF] Request finished HTTP/1.1 GET https://localhost:7081/Products/1 - 404 0 null 3.1644ms
2025-05-25 12:08:43.836 +05:00 [INF] Request reached the end of the middleware pipeline without being handled by application code. Request path: GET https://localhost:7081/Products/1, Response status code: 404
2025-05-25 12:09:11.268 +05:00 [INF] Request starting HTTP/1.1 GET https://localhost:7081/api/Products/1 - null null
2025-05-25 12:09:11.272 +05:00 [INF] Executing endpoint 'ProductService.Controllers.ProductsController.GetById (ProductService)'
2025-05-25 12:09:11.274 +05:00 [INF] Route matched with {action = "GetById", controller = "Products"}. Executing controller action with signature System.Threading.Tasks.Task`1[Microsoft.AspNetCore.Mvc.IActionResult] GetById(Int32) on controller ProductService.Controllers.ProductsController (ProductService).
2025-05-25 12:09:11.346 +05:00 [INF] Executed DbCommand (1ms) [Parameters=[@__id_0='?' (DbType = Int32)], CommandType='"Text"', CommandTimeout='30']
SELECT p.id, p.description, p.name, p.price, p.stock
FROM products AS p
WHERE p.id = @__id_0
LIMIT 1
2025-05-25 12:09:11.349 +05:00 [INF] Executing OkObjectResult, writing value of type 'ProductService.Dtos.ProductDto'.
2025-05-25 12:09:11.351 +05:00 [INF] Executed action ProductService.Controllers.ProductsController.GetById (ProductService) in 74.668ms
2025-05-25 12:09:11.353 +05:00 [INF] Executed endpoint 'ProductService.Controllers.ProductsController.GetById (ProductService)'
2025-05-25 12:09:11.354 +05:00 [INF] Request finished HTTP/1.1 GET https://localhost:7081/api/Products/1 - 200 null application/json; charset=utf-8 85.6647ms
2025-05-25 12:09:11.383 +05:00 [INF] Request starting HTTP/1.1 PUT https://localhost:7081/api/Products/1/stock - application/json; charset=utf-8 14
2025-05-25 12:09:11.387 +05:00 [INF] Executing endpoint 'ProductService.Controllers.ProductsController.UpdateStock (ProductService)'
2025-05-25 12:09:11.392 +05:00 [INF] Route matched with {action = "UpdateStock", controller = "Products"}. Executing controller action with signature System.Threading.Tasks.Task`1[Microsoft.AspNetCore.Mvc.IActionResult] UpdateStock(Int32, ProductService.Dtos.UpdateStockDto) on controller ProductService.Controllers.ProductsController (ProductService).
2025-05-25 12:09:11.421 +05:00 [INF] Executed DbCommand (1ms) [Parameters=[@__id_0='?' (DbType = Int32)], CommandType='"Text"', CommandTimeout='30']
SELECT p.id, p.description, p.name, p.price, p.stock
FROM products AS p
WHERE p.id = @__id_0
LIMIT 1
2025-05-25 12:09:11.499 +05:00 [INF] Executed DbCommand (9ms) [Parameters=[@p4='?' (DbType = Int32), @p0='?', @p1='?', @p2='?' (DbType = Decimal), @p3='?' (DbType = Int32)], CommandType='"Text"', CommandTimeout='30']
UPDATE products SET description = @p0, name = @p1, price = @p2, stock = @p3
WHERE id = @p4;
2025-05-25 12:09:11.513 +05:00 [INF] Executing StatusCodeResult, setting HTTP status code 204
2025-05-25 12:09:11.514 +05:00 [INF] Executed action ProductService.Controllers.ProductsController.UpdateStock (ProductService) in 119.2514ms
2025-05-25 12:09:11.515 +05:00 [INF] Executed endpoint 'ProductService.Controllers.ProductsController.UpdateStock (ProductService)'
2025-05-25 12:09:11.516 +05:00 [INF] Request finished HTTP/1.1 PUT https://localhost:7081/api/Products/1/stock - 204 null null 132.6636ms
2025-05-25 12:12:25.579 +05:00 [INF] Request starting HTTP/2 GET https://localhost:7081/api/Products/1 - null null
2025-05-25 12:12:25.588 +05:00 [INF] Executing endpoint 'ProductService.Controllers.ProductsController.GetById (ProductService)'
2025-05-25 12:12:25.589 +05:00 [INF] Route matched with {action = "GetById", controller = "Products"}. Executing controller action with signature System.Threading.Tasks.Task`1[Microsoft.AspNetCore.Mvc.IActionResult] GetById(Int32) on controller ProductService.Controllers.ProductsController (ProductService).
2025-05-25 12:12:25.644 +05:00 [INF] Executed DbCommand (2ms) [Parameters=[@__id_0='?' (DbType = Int32)], CommandType='"Text"', CommandTimeout='30']
SELECT p.id, p.description, p.name, p.price, p.stock
FROM products AS p
WHERE p.id = @__id_0
LIMIT 1
2025-05-25 12:12:25.648 +05:00 [INF] Executing OkObjectResult, writing value of type 'ProductService.Dtos.ProductDto'.
2025-05-25 12:12:25.649 +05:00 [INF] Executed action ProductService.Controllers.ProductsController.GetById (ProductService) in 58.6588ms
2025-05-25 12:12:25.650 +05:00 [INF] Executed endpoint 'ProductService.Controllers.ProductsController.GetById (ProductService)'
2025-05-25 12:12:25.651 +05:00 [INF] Request finished HTTP/2 GET https://localhost:7081/api/Products/1 - 200 null application/json; charset=utf-8 72.1469ms
2025-05-25 12:12:38.096 +05:00 [INF] Request starting HTTP/1.1 GET https://localhost:7081/api/Products/1 - null null
2025-05-25 12:12:38.099 +05:00 [INF] Executing endpoint 'ProductService.Controllers.ProductsController.GetById (ProductService)'
2025-05-25 12:12:38.100 +05:00 [INF] Route matched with {action = "GetById", controller = "Products"}. Executing controller action with signature System.Threading.Tasks.Task`1[Microsoft.AspNetCore.Mvc.IActionResult] GetById(Int32) on controller ProductService.Controllers.ProductsController (ProductService).
2025-05-25 12:12:38.105 +05:00 [INF] Executed DbCommand (1ms) [Parameters=[@__id_0='?' (DbType = Int32)], CommandType='"Text"', CommandTimeout='30']
SELECT p.id, p.description, p.name, p.price, p.stock
FROM products AS p
WHERE p.id = @__id_0
LIMIT 1
2025-05-25 12:12:38.108 +05:00 [INF] Executing OkObjectResult, writing value of type 'ProductService.Dtos.ProductDto'.
2025-05-25 12:12:38.109 +05:00 [INF] Executed action ProductService.Controllers.ProductsController.GetById (ProductService) in 7.3384ms
2025-05-25 12:12:38.111 +05:00 [INF] Executed endpoint 'ProductService.Controllers.ProductsController.GetById (ProductService)'
2025-05-25 12:12:38.112 +05:00 [INF] Request finished HTTP/1.1 GET https://localhost:7081/api/Products/1 - 200 null application/json; charset=utf-8 15.4843ms
2025-05-25 12:12:38.141 +05:00 [INF] Request starting HTTP/1.1 PUT https://localhost:7081/api/Products/1/stock - application/json; charset=utf-8 14
2025-05-25 12:12:38.144 +05:00 [INF] Executing endpoint 'ProductService.Controllers.ProductsController.UpdateStock (ProductService)'
2025-05-25 12:12:38.145 +05:00 [INF] Route matched with {action = "UpdateStock", controller = "Products"}. Executing controller action with signature System.Threading.Tasks.Task`1[Microsoft.AspNetCore.Mvc.IActionResult] UpdateStock(Int32, ProductService.Dtos.UpdateStockDto) on controller ProductService.Controllers.ProductsController (ProductService).
2025-05-25 12:12:38.151 +05:00 [INF] Executed DbCommand (1ms) [Parameters=[@__id_0='?' (DbType = Int32)], CommandType='"Text"', CommandTimeout='30']
SELECT p.id, p.description, p.name, p.price, p.stock
FROM products AS p
WHERE p.id = @__id_0
LIMIT 1
2025-05-25 12:12:38.157 +05:00 [INF] Executed DbCommand (2ms) [Parameters=[@p4='?' (DbType = Int32), @p0='?', @p1='?', @p2='?' (DbType = Decimal), @p3='?' (DbType = Int32)], CommandType='"Text"', CommandTimeout='30']
UPDATE products SET description = @p0, name = @p1, price = @p2, stock = @p3
WHERE id = @p4;
2025-05-25 12:12:38.159 +05:00 [INF] Executing StatusCodeResult, setting HTTP status code 204
2025-05-25 12:12:38.160 +05:00 [INF] Executed action ProductService.Controllers.ProductsController.UpdateStock (ProductService) in 12.9422ms
2025-05-25 12:12:38.161 +05:00 [INF] Executed endpoint 'ProductService.Controllers.ProductsController.UpdateStock (ProductService)'
2025-05-25 12:12:38.162 +05:00 [INF] Request finished HTTP/1.1 PUT https://localhost:7081/api/Products/1/stock - 204 null null 21.3291ms
2025-05-25 12:18:15.762 +05:00 [INF] Request starting HTTP/1.1 GET https://localhost:7081/api/Products/1 - null null
2025-05-25 12:18:15.766 +05:00 [INF] Executing endpoint 'ProductService.Controllers.ProductsController.GetById (ProductService)'
2025-05-25 12:18:15.767 +05:00 [INF] Route matched with {action = "GetById", controller = "Products"}. Executing controller action with signature System.Threading.Tasks.Task`1[Microsoft.AspNetCore.Mvc.IActionResult] GetById(Int32) on controller ProductService.Controllers.ProductsController (ProductService).
2025-05-25 12:18:15.828 +05:00 [INF] Executed DbCommand (2ms) [Parameters=[@__id_0='?' (DbType = Int32)], CommandType='"Text"', CommandTimeout='30']
SELECT p.id, p.description, p.name, p.price, p.stock
FROM products AS p
WHERE p.id = @__id_0
LIMIT 1
2025-05-25 12:18:15.830 +05:00 [INF] Executing OkObjectResult, writing value of type 'ProductService.Dtos.ProductDto'.
2025-05-25 12:18:15.831 +05:00 [INF] Executed action ProductService.Controllers.ProductsController.GetById (ProductService) in 61.456ms
2025-05-25 12:18:15.832 +05:00 [INF] Executed endpoint 'ProductService.Controllers.ProductsController.GetById (ProductService)'
2025-05-25 12:18:15.833 +05:00 [INF] Request finished HTTP/1.1 GET https://localhost:7081/api/Products/1 - 200 null application/json; charset=utf-8 71.819ms
2025-05-25 12:18:20.577 +05:00 [INF] Request starting HTTP/1.1 PUT https://localhost:7081/api/Products/1/stock - application/json; charset=utf-8 14
2025-05-25 12:18:20.580 +05:00 [INF] Executing endpoint 'ProductService.Controllers.ProductsController.UpdateStock (ProductService)'
2025-05-25 12:18:20.581 +05:00 [INF] Route matched with {action = "UpdateStock", controller = "Products"}. Executing controller action with signature System.Threading.Tasks.Task`1[Microsoft.AspNetCore.Mvc.IActionResult] UpdateStock(Int32, ProductService.Dtos.UpdateStockDto) on controller ProductService.Controllers.ProductsController (ProductService).
2025-05-25 12:18:20.586 +05:00 [INF] Executed DbCommand (2ms) [Parameters=[@__id_0='?' (DbType = Int32)], CommandType='"Text"', CommandTimeout='30']
SELECT p.id, p.description, p.name, p.price, p.stock
FROM products AS p
WHERE p.id = @__id_0
LIMIT 1
2025-05-25 12:18:20.590 +05:00 [INF] Executed DbCommand (1ms) [Parameters=[@p4='?' (DbType = Int32), @p0='?', @p1='?', @p2='?' (DbType = Decimal), @p3='?' (DbType = Int32)], CommandType='"Text"', CommandTimeout='30']
UPDATE products SET description = @p0, name = @p1, price = @p2, stock = @p3
WHERE id = @p4;
2025-05-25 12:18:20.592 +05:00 [INF] Executing StatusCodeResult, setting HTTP status code 204
2025-05-25 12:18:20.593 +05:00 [INF] Executed action ProductService.Controllers.ProductsController.UpdateStock (ProductService) in 9.5259ms
2025-05-25 12:18:20.594 +05:00 [INF] Executed endpoint 'ProductService.Controllers.ProductsController.UpdateStock (ProductService)'
2025-05-25 12:18:20.595 +05:00 [INF] Request finished HTTP/1.1 PUT https://localhost:7081/api/Products/1/stock - 204 null null 17.524ms
2025-05-25 12:22:31.504 +05:00 [INF] Request starting HTTP/2 POST https://localhost:7081/api/Products - application/json 75
2025-05-25 12:22:31.512 +05:00 [INF] Executing endpoint 'ProductService.Controllers.ProductsController.Create (ProductService)'
2025-05-25 12:22:31.516 +05:00 [INF] Route matched with {action = "Create", controller = "Products"}. Executing controller action with signature System.Threading.Tasks.Task`1[Microsoft.AspNetCore.Mvc.IActionResult] Create(ProductService.Dtos.CreateProductDto) on controller ProductService.Controllers.ProductsController (ProductService).
2025-05-25 12:22:31.560 +05:00 [INF] Executed DbCommand (2ms) [Parameters=[@p0='?', @p1='?', @p2='?' (DbType = Decimal), @p3='?' (DbType = Int32)], CommandType='"Text"', CommandTimeout='30']
INSERT INTO products (description, name, price, stock)
VALUES (@p0, @p1, @p2, @p3)
RETURNING id;
2025-05-25 12:22:31.573 +05:00 [INF] Executing CreatedResult, writing value of type 'null'.
2025-05-25 12:22:31.575 +05:00 [INF] Executed action ProductService.Controllers.ProductsController.Create (ProductService) in 56.8292ms
2025-05-25 12:22:31.576 +05:00 [INF] Executed endpoint 'ProductService.Controllers.ProductsController.Create (ProductService)'
2025-05-25 12:22:31.577 +05:00 [INF] Request finished HTTP/2 POST https://localhost:7081/api/Products - 204 null null 73.1524ms
2025-05-25 12:22:37.918 +05:00 [INF] Request starting HTTP/2 GET https://localhost:7081/api/Products/2 - null null
2025-05-25 12:22:37.922 +05:00 [INF] Executing endpoint 'ProductService.Controllers.ProductsController.GetById (ProductService)'
2025-05-25 12:22:37.923 +05:00 [INF] Route matched with {action = "GetById", controller = "Products"}. Executing controller action with signature System.Threading.Tasks.Task`1[Microsoft.AspNetCore.Mvc.IActionResult] GetById(Int32) on controller ProductService.Controllers.ProductsController (ProductService).
2025-05-25 12:22:37.928 +05:00 [INF] Executed DbCommand (2ms) [Parameters=[@__id_0='?' (DbType = Int32)], CommandType='"Text"', CommandTimeout='30']
SELECT p.id, p.description, p.name, p.price, p.stock
FROM products AS p
WHERE p.id = @__id_0
LIMIT 1
2025-05-25 12:22:37.930 +05:00 [INF] Executing OkObjectResult, writing value of type 'ProductService.Dtos.ProductDto'.
2025-05-25 12:22:37.931 +05:00 [INF] Executed action ProductService.Controllers.ProductsController.GetById (ProductService) in 6.3982ms
2025-05-25 12:22:37.932 +05:00 [INF] Executed endpoint 'ProductService.Controllers.ProductsController.GetById (ProductService)'
2025-05-25 12:22:37.933 +05:00 [INF] Request finished HTTP/2 GET https://localhost:7081/api/Products/2 - 200 null application/json; charset=utf-8 15.1005ms
2025-05-25 12:22:56.783 +05:00 [INF] Request starting HTTP/1.1 GET https://localhost:7081/api/Products/2 - null null
2025-05-25 12:22:56.785 +05:00 [INF] Executing endpoint 'ProductService.Controllers.ProductsController.GetById (ProductService)'
2025-05-25 12:22:56.786 +05:00 [INF] Route matched with {action = "GetById", controller = "Products"}. Executing controller action with signature System.Threading.Tasks.Task`1[Microsoft.AspNetCore.Mvc.IActionResult] GetById(Int32) on controller ProductService.Controllers.ProductsController (ProductService).
2025-05-25 12:22:56.789 +05:00 [INF] Executed DbCommand (1ms) [Parameters=[@__id_0='?' (DbType = Int32)], CommandType='"Text"', CommandTimeout='30']
SELECT p.id, p.description, p.name, p.price, p.stock
FROM products AS p
WHERE p.id = @__id_0
LIMIT 1
2025-05-25 12:22:56.792 +05:00 [INF] Executing OkObjectResult, writing value of type 'ProductService.Dtos.ProductDto'.
2025-05-25 12:22:56.793 +05:00 [INF] Executed action ProductService.Controllers.ProductsController.GetById (ProductService) in 5.2481ms
2025-05-25 12:22:56.794 +05:00 [INF] Executed endpoint 'ProductService.Controllers.ProductsController.GetById (ProductService)'
2025-05-25 12:22:56.795 +05:00 [INF] Request finished HTTP/1.1 GET https://localhost:7081/api/Products/2 - 200 null application/json; charset=utf-8 12.0558ms
2025-05-25 12:22:56.815 +05:00 [INF] Request starting HTTP/1.1 PUT https://localhost:7081/api/Products/2/stock - application/json; charset=utf-8 14
2025-05-25 12:22:56.817 +05:00 [INF] Executing endpoint 'ProductService.Controllers.ProductsController.UpdateStock (ProductService)'
2025-05-25 12:22:56.818 +05:00 [INF] Route matched with {action = "UpdateStock", controller = "Products"}. Executing controller action with signature System.Threading.Tasks.Task`1[Microsoft.AspNetCore.Mvc.IActionResult] UpdateStock(Int32, ProductService.Dtos.UpdateStockDto) on controller ProductService.Controllers.ProductsController (ProductService).
2025-05-25 12:22:56.822 +05:00 [INF] Executed DbCommand (1ms) [Parameters=[@__id_0='?' (DbType = Int32)], CommandType='"Text"', CommandTimeout='30']
SELECT p.id, p.description, p.name, p.price, p.stock
FROM products AS p
WHERE p.id = @__id_0
LIMIT 1
2025-05-25 12:22:56.828 +05:00 [INF] Executed DbCommand (4ms) [Parameters=[@p4='?' (DbType = Int32), @p0='?', @p1='?', @p2='?' (DbType = Decimal), @p3='?' (DbType = Int32)], CommandType='"Text"', CommandTimeout='30']
UPDATE products SET description = @p0, name = @p1, price = @p2, stock = @p3
WHERE id = @p4;
2025-05-25 12:22:56.831 +05:00 [INF] Executing StatusCodeResult, setting HTTP status code 204
2025-05-25 12:22:56.832 +05:00 [INF] Executed action ProductService.Controllers.ProductsController.UpdateStock (ProductService) in 12.0962ms
2025-05-25 12:22:56.833 +05:00 [INF] Executed endpoint 'ProductService.Controllers.ProductsController.UpdateStock (ProductService)'
2025-05-25 12:22:56.834 +05:00 [INF] Request finished HTTP/1.1 PUT https://localhost:7081/api/Products/2/stock - 204 null null 18.8611ms
2025-05-25 18:48:51.291 +05:00 [INF] Now listening on: https://localhost:7081
2025-05-25 18:48:51.332 +05:00 [INF] Now listening on: http://localhost:5163
2025-05-25 18:48:51.410 +05:00 [INF] Application started. Press Ctrl+C to shut down.
2025-05-25 18:48:51.412 +05:00 [INF] Hosting environment: Development
2025-05-25 18:48:51.414 +05:00 [INF] Content root path: E:\c# .net\ProductService\ProductService
2025-05-25 18:48:57.176 +05:00 [INF] Request starting HTTP/2 GET https://localhost:7081/ - null null
2025-05-25 18:48:57.317 +05:00 [INF] Request finished HTTP/2 GET https://localhost:7081/ - 404 0 null 148.3262ms
2025-05-25 18:48:57.325 +05:00 [INF] Request reached the end of the middleware pipeline without being handled by application code. Request path: GET https://localhost:7081/, Response status code: 404
2025-05-25 18:49:00.501 +05:00 [INF] Request starting HTTP/2 GET https://localhost:7081/_framework/aspnetcore-browser-refresh.js - null null
2025-05-25 18:49:00.519 +05:00 [INF] Request finished HTTP/2 GET https://localhost:7081/_framework/aspnetcore-browser-refresh.js - 200 13764 application/javascript; charset=utf-8 18.118ms
2025-05-25 18:49:00.984 +05:00 [INF] Request starting HTTP/2 GET https://localhost:7081/_vs/browserLink - null null
2025-05-25 18:49:01.026 +05:00 [INF] Request finished HTTP/2 GET https://localhost:7081/_vs/browserLink - 200 null text/javascript; charset=UTF-8 42.0225ms
2025-05-25 18:49:01.777 +05:00 [INF] Request starting HTTP/2 GET https://localhost:7081/swagger/v1/swagger.json - null null
2025-05-25 18:49:01.912 +05:00 [INF] Request finished HTTP/2 GET https://localhost:7081/swagger/v1/swagger.json - 200 null application/json;charset=utf-8 135.7229ms
2025-05-25 18:49:06.123 +05:00 [INF] Request starting HTTP/2 GET https://localhost:7081/api/Products/1 - null null
2025-05-25 18:49:06.130 +05:00 [INF] Executing endpoint 'ProductService.Controllers.ProductsController.GetById (ProductService)'
2025-05-25 18:49:06.159 +05:00 [INF] Route matched with {action = "GetById", controller = "Products"}. Executing controller action with signature System.Threading.Tasks.Task`1[Microsoft.AspNetCore.Mvc.IActionResult] GetById(Int32) on controller ProductService.Controllers.ProductsController (ProductService).
2025-05-25 18:49:07.947 +05:00 [INF] Executed DbCommand (51ms) [Parameters=[@__id_0='?' (DbType = Int32)], CommandType='"Text"', CommandTimeout='30']
SELECT p.id, p.description, p.name, p.price, p.stock
FROM products AS p
WHERE p.id = @__id_0
LIMIT 1
2025-05-25 18:49:08.039 +05:00 [INF] Executing OkObjectResult, writing value of type 'ProductService.Dtos.ProductDto'.
2025-05-25 18:49:08.057 +05:00 [INF] Executed action ProductService.Controllers.ProductsController.GetById (ProductService) in 1891.422ms
2025-05-25 18:49:08.059 +05:00 [INF] Executed endpoint 'ProductService.Controllers.ProductsController.GetById (ProductService)'
2025-05-25 18:49:08.067 +05:00 [INF] Request finished HTTP/2 GET https://localhost:7081/api/Products/1 - 200 null application/json; charset=utf-8 1943.905ms
2025-05-25 18:49:11.555 +05:00 [INF] Request starting HTTP/2 GET https://localhost:7081/api/Products/2 - null null
2025-05-25 18:49:11.558 +05:00 [INF] Executing endpoint 'ProductService.Controllers.ProductsController.GetById (ProductService)'
2025-05-25 18:49:11.560 +05:00 [INF] Route matched with {action = "GetById", controller = "Products"}. Executing controller action with signature System.Threading.Tasks.Task`1[Microsoft.AspNetCore.Mvc.IActionResult] GetById(Int32) on controller ProductService.Controllers.ProductsController (ProductService).
2025-05-25 18:49:11.586 +05:00 [INF] Executed DbCommand (7ms) [Parameters=[@__id_0='?' (DbType = Int32)], CommandType='"Text"', CommandTimeout='30']
SELECT p.id, p.description, p.name, p.price, p.stock
FROM products AS p
WHERE p.id = @__id_0
LIMIT 1
2025-05-25 18:49:11.590 +05:00 [INF] Executing OkObjectResult, writing value of type 'ProductService.Dtos.ProductDto'.
2025-05-25 18:49:11.591 +05:00 [INF] Executed action ProductService.Controllers.ProductsController.GetById (ProductService) in 30.1533ms
2025-05-25 18:49:11.593 +05:00 [INF] Executed endpoint 'ProductService.Controllers.ProductsController.GetById (ProductService)'
2025-05-25 18:49:11.594 +05:00 [INF] Request finished HTTP/2 GET https://localhost:7081/api/Products/2 - 200 null application/json; charset=utf-8 39.4231ms
2025-05-25 18:49:14.919 +05:00 [INF] Request starting HTTP/2 GET https://localhost:7081/api/Products/3 - null null
2025-05-25 18:49:14.922 +05:00 [INF] Executing endpoint 'ProductService.Controllers.ProductsController.GetById (ProductService)'
2025-05-25 18:49:14.923 +05:00 [INF] Route matched with {action = "GetById", controller = "Products"}. Executing controller action with signature System.Threading.Tasks.Task`1[Microsoft.AspNetCore.Mvc.IActionResult] GetById(Int32) on controller ProductService.Controllers.ProductsController (ProductService).
2025-05-25 18:49:14.977 +05:00 [INF] Executed DbCommand (2ms) [Parameters=[@__id_0='?' (DbType = Int32)], CommandType='"Text"', CommandTimeout='30']
SELECT p.id, p.description, p.name, p.price, p.stock
FROM products AS p
WHERE p.id = @__id_0
LIMIT 1
2025-05-25 18:49:15.088 +05:00 [INF] Executed action ProductService.Controllers.ProductsController.GetById (ProductService) in 162.8562ms
2025-05-25 18:49:15.090 +05:00 [INF] Executed endpoint 'ProductService.Controllers.ProductsController.GetById (ProductService)'
2025-05-25 18:49:15.160 +05:00 [WRN] Not Found Exception: Product not found
ProductService.Exceptions.NotFoundException: Product not found
   at ProductService.Services.ProductServiceImpl.GetByIdAsync(Int32 id) in E:\c# .net\ProductService\ProductService\Services\ProductServiceImpl.cs:line 25
   at ProductService.Controllers.ProductsController.GetById(Int32 id) in E:\c# .net\ProductService\ProductService\Controllers\ProductsController.cs:line 15
   at Microsoft.AspNetCore.Mvc.Infrastructure.ActionMethodExecutor.TaskOfIActionResultExecutor.Execute(ActionContext actionContext, IActionResultTypeMapper mapper, ObjectMethodExecutor executor, Object controller, Object[] arguments)
   at Microsoft.AspNetCore.Mvc.Infrastructure.ControllerActionInvoker.<InvokeActionMethodAsync>g__Awaited|12_0(ControllerActionInvoker invoker, ValueTask`1 actionResultValueTask)
   at Microsoft.AspNetCore.Mvc.Infrastructure.ControllerActionInvoker.<InvokeNextActionFilterAsync>g__Awaited|10_0(ControllerActionInvoker invoker, Task lastTask, State next, Scope scope, Object state, Boolean isCompleted)
   at Microsoft.AspNetCore.Mvc.Infrastructure.ControllerActionInvoker.Rethrow(ActionExecutedContextSealed context)
   at Microsoft.AspNetCore.Mvc.Infrastructure.ControllerActionInvoker.Next(State& next, Scope& scope, Object& state, Boolean& isCompleted)
   at Microsoft.AspNetCore.Mvc.Infrastructure.ControllerActionInvoker.<InvokeInnerFilterAsync>g__Awaited|13_0(ControllerActionInvoker invoker, Task lastTask, State next, Scope scope, Object state, Boolean isCompleted)
   at Microsoft.AspNetCore.Mvc.Infrastructure.ResourceInvoker.<InvokeFilterPipelineAsync>g__Awaited|20_0(ResourceInvoker invoker, Task lastTask, State next, Scope scope, Object state, Boolean isCompleted)
   at Microsoft.AspNetCore.Mvc.Infrastructure.ResourceInvoker.<InvokeAsync>g__Logged|17_1(ResourceInvoker invoker)
   at Microsoft.AspNetCore.Mvc.Infrastructure.ResourceInvoker.<InvokeAsync>g__Logged|17_1(ResourceInvoker invoker)
   at Microsoft.AspNetCore.Routing.EndpointMiddleware.<Invoke>g__AwaitRequestTask|7_0(Endpoint endpoint, Task requestTask, ILogger logger)
   at Microsoft.AspNetCore.Authorization.AuthorizationMiddleware.Invoke(HttpContext context)
   at ProductService.Middlewares.ExceptionHandlingMiddleware.InvokeAsync(HttpContext context) in E:\c# .net\ProductService\ProductService\Middlewares\ExceptionHandlingMiddleware.cs:line 20
2025-05-25 18:49:15.199 +05:00 [INF] Request finished HTTP/2 GET https://localhost:7081/api/Products/3 - 404 null application/json; charset=utf-8 280.5866ms
2025-05-25 18:49:34.754 +05:00 [INF] Request starting HTTP/2 PUT https://localhost:7081/api/Products/2/stock - application/json 19
2025-05-25 18:49:34.758 +05:00 [INF] Executing endpoint 'ProductService.Controllers.ProductsController.UpdateStock (ProductService)'
2025-05-25 18:49:34.763 +05:00 [INF] Route matched with {action = "UpdateStock", controller = "Products"}. Executing controller action with signature System.Threading.Tasks.Task`1[Microsoft.AspNetCore.Mvc.IActionResult] UpdateStock(Int32, ProductService.Dtos.UpdateStockDto) on controller ProductService.Controllers.ProductsController (ProductService).
2025-05-25 18:49:34.793 +05:00 [INF] Executed DbCommand (1ms) [Parameters=[@__id_0='?' (DbType = Int32)], CommandType='"Text"', CommandTimeout='30']
SELECT p.id, p.description, p.name, p.price, p.stock
FROM products AS p
WHERE p.id = @__id_0
LIMIT 1
2025-05-25 18:49:34.869 +05:00 [INF] Executed DbCommand (7ms) [Parameters=[@p4='?' (DbType = Int32), @p0='?', @p1='?', @p2='?' (DbType = Decimal), @p3='?' (DbType = Int32)], CommandType='"Text"', CommandTimeout='30']
UPDATE products SET description = @p0, name = @p1, price = @p2, stock = @p3
WHERE id = @p4;
2025-05-25 18:49:34.879 +05:00 [INF] Executing StatusCodeResult, setting HTTP status code 204
2025-05-25 18:49:34.881 +05:00 [INF] Executed action ProductService.Controllers.ProductsController.UpdateStock (ProductService) in 116.8045ms
2025-05-25 18:49:34.883 +05:00 [INF] Executed endpoint 'ProductService.Controllers.ProductsController.UpdateStock (ProductService)'
2025-05-25 18:49:34.884 +05:00 [INF] Request finished HTTP/2 PUT https://localhost:7081/api/Products/2/stock - 204 null null 129.6322ms
2025-05-25 18:49:43.026 +05:00 [INF] Request starting HTTP/2 GET https://localhost:7081/api/Products/2 - null null
2025-05-25 18:49:43.028 +05:00 [INF] Executing endpoint 'ProductService.Controllers.ProductsController.GetById (ProductService)'
2025-05-25 18:49:43.030 +05:00 [INF] Route matched with {action = "GetById", controller = "Products"}. Executing controller action with signature System.Threading.Tasks.Task`1[Microsoft.AspNetCore.Mvc.IActionResult] GetById(Int32) on controller ProductService.Controllers.ProductsController (ProductService).
2025-05-25 18:49:43.036 +05:00 [INF] Executed DbCommand (1ms) [Parameters=[@__id_0='?' (DbType = Int32)], CommandType='"Text"', CommandTimeout='30']
SELECT p.id, p.description, p.name, p.price, p.stock
FROM products AS p
WHERE p.id = @__id_0
LIMIT 1
2025-05-25 18:49:43.039 +05:00 [INF] Executing OkObjectResult, writing value of type 'ProductService.Dtos.ProductDto'.
2025-05-25 18:49:43.041 +05:00 [INF] Executed action ProductService.Controllers.ProductsController.GetById (ProductService) in 8.0933ms
2025-05-25 18:49:43.042 +05:00 [INF] Executed endpoint 'ProductService.Controllers.ProductsController.GetById (ProductService)'
2025-05-25 18:49:43.043 +05:00 [INF] Request finished HTTP/2 GET https://localhost:7081/api/Products/2 - 200 null application/json; charset=utf-8 18.4474ms
2025-05-25 18:50:09.111 +05:00 [INF] Request starting HTTP/1.1 GET https://localhost:7081/api/Products/2 - null null
2025-05-25 18:50:09.115 +05:00 [INF] Executing endpoint 'ProductService.Controllers.ProductsController.GetById (ProductService)'
2025-05-25 18:50:09.117 +05:00 [INF] Route matched with {action = "GetById", controller = "Products"}. Executing controller action with signature System.Threading.Tasks.Task`1[Microsoft.AspNetCore.Mvc.IActionResult] GetById(Int32) on controller ProductService.Controllers.ProductsController (ProductService).
2025-05-25 18:50:09.121 +05:00 [INF] Executed DbCommand (1ms) [Parameters=[@__id_0='?' (DbType = Int32)], CommandType='"Text"', CommandTimeout='30']
SELECT p.id, p.description, p.name, p.price, p.stock
FROM products AS p
WHERE p.id = @__id_0
LIMIT 1
2025-05-25 18:50:09.129 +05:00 [INF] Executing OkObjectResult, writing value of type 'ProductService.Dtos.ProductDto'.
2025-05-25 18:50:09.132 +05:00 [INF] Executed action ProductService.Controllers.ProductsController.GetById (ProductService) in 14.3143ms
2025-05-25 18:50:09.134 +05:00 [INF] Executed endpoint 'ProductService.Controllers.ProductsController.GetById (ProductService)'
2025-05-25 18:50:09.136 +05:00 [INF] Request finished HTTP/1.1 GET https://localhost:7081/api/Products/2 - 200 null application/json; charset=utf-8 25.4528ms
2025-05-25 18:50:09.154 +05:00 [INF] Request starting HTTP/1.1 PUT https://localhost:7081/api/Products/2/stock - application/json; charset=utf-8 14
2025-05-25 18:50:09.157 +05:00 [INF] Executing endpoint 'ProductService.Controllers.ProductsController.UpdateStock (ProductService)'
2025-05-25 18:50:09.158 +05:00 [INF] Route matched with {action = "UpdateStock", controller = "Products"}. Executing controller action with signature System.Threading.Tasks.Task`1[Microsoft.AspNetCore.Mvc.IActionResult] UpdateStock(Int32, ProductService.Dtos.UpdateStockDto) on controller ProductService.Controllers.ProductsController (ProductService).
2025-05-25 18:50:09.164 +05:00 [INF] Executed DbCommand (1ms) [Parameters=[@__id_0='?' (DbType = Int32)], CommandType='"Text"', CommandTimeout='30']
SELECT p.id, p.description, p.name, p.price, p.stock
FROM products AS p
WHERE p.id = @__id_0
LIMIT 1
2025-05-25 18:50:09.168 +05:00 [INF] Executed DbCommand (1ms) [Parameters=[@p4='?' (DbType = Int32), @p0='?', @p1='?', @p2='?' (DbType = Decimal), @p3='?' (DbType = Int32)], CommandType='"Text"', CommandTimeout='30']
UPDATE products SET description = @p0, name = @p1, price = @p2, stock = @p3
WHERE id = @p4;
2025-05-25 18:50:09.171 +05:00 [INF] Executing StatusCodeResult, setting HTTP status code 204
2025-05-25 18:50:09.171 +05:00 [INF] Executed action ProductService.Controllers.ProductsController.UpdateStock (ProductService) in 11.2742ms
2025-05-25 18:50:09.172 +05:00 [INF] Executed endpoint 'ProductService.Controllers.ProductsController.UpdateStock (ProductService)'
2025-05-25 18:50:09.173 +05:00 [INF] Request finished HTTP/1.1 PUT https://localhost:7081/api/Products/2/stock - 204 null null 19.298ms
