2025-05-26 14:28:02.406 +05:00 [INF] Now listening on: https://localhost:7081
2025-05-26 14:28:02.440 +05:00 [INF] Now listening on: http://localhost:5163
2025-05-26 14:28:02.525 +05:00 [INF] Application started. Press Ctrl+C to shut down.
2025-05-26 14:28:02.528 +05:00 [INF] Hosting environment: Development
2025-05-26 14:28:02.529 +05:00 [INF] Content root path: E:\c# .net\ProductService\ProductService
2025-05-26 14:28:04.194 +05:00 [INF] Request starting HTTP/2 GET https://localhost:7081/ - null null
2025-05-26 14:28:04.348 +05:00 [INF] Request finished HTTP/2 GET https://localhost:7081/ - 404 0 null 169.1449ms
2025-05-26 14:28:04.356 +05:00 [INF] Request reached the end of the middleware pipeline without being handled by application code. Request path: GET https://localhost:7081/, Response status code: 404
2025-05-26 14:28:07.170 +05:00 [INF] Request starting HTTP/2 GET https://localhost:7081/swagger - null null
2025-05-26 14:28:07.182 +05:00 [INF] Request finished HTTP/2 GET https://localhost:7081/swagger - 301 0 null 12.5878ms
2025-05-26 14:28:07.187 +05:00 [INF] Request starting HTTP/2 GET https://localhost:7081/swagger/index.html - null null
2025-05-26 14:28:07.256 +05:00 [INF] Request finished HTTP/2 GET https://localhost:7081/swagger/index.html - 200 null text/html;charset=utf-8 69.4366ms
2025-05-26 14:28:07.276 +05:00 [INF] Request starting HTTP/2 GET https://localhost:7081/swagger/swagger-ui.css - null null
2025-05-26 14:28:07.276 +05:00 [INF] Request starting HTTP/2 GET https://localhost:7081/swagger/swagger-ui-standalone-preset.js - null null
2025-05-26 14:28:07.276 +05:00 [INF] Request starting HTTP/2 GET https://localhost:7081/swagger/index.css - null null
2025-05-26 14:28:07.276 +05:00 [INF] Request starting HTTP/2 GET https://localhost:7081/swagger/swagger-ui-bundle.js - null null
2025-05-26 14:28:07.282 +05:00 [INF] Request starting HTTP/2 GET https://localhost:7081/swagger/index.js - null null
2025-05-26 14:28:07.283 +05:00 [INF] Request starting HTTP/2 GET https://localhost:7081/_framework/aspnetcore-browser-refresh.js - null null
2025-05-26 14:28:07.307 +05:00 [INF] Request finished HTTP/2 GET https://localhost:7081/swagger/index.js - 200 null application/javascript;charset=utf-8 24.6361ms
2025-05-26 14:28:07.312 +05:00 [INF] Sending file. Request path: '/index.css'. Physical path: 'N/A'
2025-05-26 14:28:07.323 +05:00 [INF] Request finished HTTP/2 GET https://localhost:7081/swagger/index.css - 200 202 text/css 47.6206ms
2025-05-26 14:28:07.333 +05:00 [INF] Request finished HTTP/2 GET https://localhost:7081/_framework/aspnetcore-browser-refresh.js - 200 13764 application/javascript; charset=utf-8 49.4497ms
2025-05-26 14:28:07.339 +05:00 [INF] Sending file. Request path: '/swagger-ui-standalone-preset.js'. Physical path: 'N/A'
2025-05-26 14:28:07.339 +05:00 [INF] Sending file. Request path: '/swagger-ui.css'. Physical path: 'N/A'
2025-05-26 14:28:07.344 +05:00 [INF] Request finished HTTP/2 GET https://localhost:7081/swagger/swagger-ui-standalone-preset.js - 200 229223 text/javascript 67.418ms
2025-05-26 14:28:07.344 +05:00 [INF] Request finished HTTP/2 GET https://localhost:7081/swagger/swagger-ui.css - 200 154949 text/css 68.1391ms
2025-05-26 14:28:07.366 +05:00 [INF] Sending file. Request path: '/swagger-ui-bundle.js'. Physical path: 'N/A'
2025-05-26 14:28:07.368 +05:00 [INF] Request finished HTTP/2 GET https://localhost:7081/swagger/swagger-ui-bundle.js - 200 1484234 text/javascript 92.1511ms
2025-05-26 14:28:07.682 +05:00 [INF] Request starting HTTP/2 GET https://localhost:7081/_vs/browserLink - null null
2025-05-26 14:28:07.737 +05:00 [INF] Request finished HTTP/2 GET https://localhost:7081/_vs/browserLink - 200 null text/javascript; charset=UTF-8 55.3106ms
2025-05-26 14:28:08.377 +05:00 [INF] Request starting HTTP/2 GET https://localhost:7081/swagger/v1/swagger.json - null null
2025-05-26 14:28:08.484 +05:00 [INF] Request finished HTTP/2 GET https://localhost:7081/swagger/v1/swagger.json - 200 null application/json;charset=utf-8 108.1966ms
2025-05-26 14:28:21.599 +05:00 [INF] Request starting HTTP/2 POST https://localhost:7081/api/Products - application/json 72
2025-05-26 14:28:21.608 +05:00 [INF] Executing endpoint 'ProductService.Controllers.ProductsController.Create (ProductService)'
2025-05-26 14:28:21.636 +05:00 [INF] Route matched with {action = "Create", controller = "Products"}. Executing controller action with signature System.Threading.Tasks.Task`1[Microsoft.AspNetCore.Mvc.IActionResult] Create(ProductService.Dtos.CreateProductDto) on controller ProductService.Controllers.ProductsController (ProductService).
2025-05-26 14:28:23.323 +05:00 [INF] Executed DbCommand (59ms) [Parameters=[@p0='?', @p1='?', @p2='?' (DbType = Decimal), @p3='?' (DbType = Int32)], CommandType='"Text"', CommandTimeout='30']
INSERT INTO products (description, name, price, stock)
VALUES (@p0, @p1, @p2, @p3)
RETURNING id;
2025-05-26 14:28:23.375 +05:00 [INF] Executing CreatedResult, writing value of type 'null'.
2025-05-26 14:28:23.381 +05:00 [INF] Executed action ProductService.Controllers.ProductsController.Create (ProductService) in 1739.4147ms
2025-05-26 14:28:23.382 +05:00 [INF] Executed endpoint 'ProductService.Controllers.ProductsController.Create (ProductService)'
2025-05-26 14:28:23.392 +05:00 [INF] Request finished HTTP/2 POST https://localhost:7081/api/Products - 204 null null 1793.6785ms
2025-05-26 14:36:30.970 +05:00 [INF] Now listening on: https://localhost:7081
2025-05-26 14:36:31.001 +05:00 [INF] Now listening on: http://localhost:5163
2025-05-26 14:36:31.068 +05:00 [INF] Application started. Press Ctrl+C to shut down.
2025-05-26 14:36:31.070 +05:00 [INF] Hosting environment: Development
2025-05-26 14:36:31.072 +05:00 [INF] Content root path: E:\c# .net\ProductService\ProductService
2025-05-26 14:36:48.105 +05:00 [INF] Request starting HTTP/2 POST https://localhost:7081/api/Products - application/json 72
2025-05-26 14:36:48.141 +05:00 [INF] Executing endpoint 'ProductService.Controllers.ProductsController.Create (ProductService)'
2025-05-26 14:36:48.162 +05:00 [INF] Route matched with {action = "Create", controller = "Products"}. Executing controller action with signature System.Threading.Tasks.Task`1[Microsoft.AspNetCore.Mvc.IActionResult] Create(FluentValidation.IValidator`1[ProductService.Dtos.CreateProductDto], ProductService.Dtos.CreateProductDto) on controller ProductService.Controllers.ProductsController (ProductService).
2025-05-26 14:36:48.828 +05:00 [INF] Executing BadRequestObjectResult, writing value of type 'System.Collections.Generic.List`1[[FluentValidation.Results.ValidationFailure, FluentValidation, Version=12.0.0.0, Culture=neutral, PublicKeyToken=7de548da2fbae0f0]]'.
2025-05-26 14:36:48.855 +05:00 [INF] Executed action ProductService.Controllers.ProductsController.Create (ProductService) in 687.4972ms
2025-05-26 14:36:48.858 +05:00 [INF] Executed endpoint 'ProductService.Controllers.ProductsController.Create (ProductService)'
2025-05-26 14:36:48.862 +05:00 [INF] Request finished HTTP/2 POST https://localhost:7081/api/Products - 400 null application/json; charset=utf-8 762.0406ms
2025-05-26 14:36:58.890 +05:00 [INF] Request starting HTTP/2 POST https://localhost:7081/api/Products - application/json 78
2025-05-26 14:36:58.896 +05:00 [INF] Executing endpoint 'ProductService.Controllers.ProductsController.Create (ProductService)'
2025-05-26 14:36:58.898 +05:00 [INF] Route matched with {action = "Create", controller = "Products"}. Executing controller action with signature System.Threading.Tasks.Task`1[Microsoft.AspNetCore.Mvc.IActionResult] Create(FluentValidation.IValidator`1[ProductService.Dtos.CreateProductDto], ProductService.Dtos.CreateProductDto) on controller ProductService.Controllers.ProductsController (ProductService).
2025-05-26 14:36:58.911 +05:00 [INF] Executing BadRequestObjectResult, writing value of type 'System.Collections.Generic.List`1[[FluentValidation.Results.ValidationFailure, FluentValidation, Version=12.0.0.0, Culture=neutral, PublicKeyToken=7de548da2fbae0f0]]'.
2025-05-26 14:36:58.919 +05:00 [INF] Executed action ProductService.Controllers.ProductsController.Create (ProductService) in 18.4944ms
2025-05-26 14:36:58.922 +05:00 [INF] Executed endpoint 'ProductService.Controllers.ProductsController.Create (ProductService)'
2025-05-26 14:36:58.924 +05:00 [INF] Request finished HTTP/2 POST https://localhost:7081/api/Products - 400 null application/json; charset=utf-8 33.72ms
2025-05-26 14:37:07.361 +05:00 [INF] Request starting HTTP/2 POST https://localhost:7081/api/Products - application/json 78
2025-05-26 14:37:07.366 +05:00 [INF] Executing endpoint 'ProductService.Controllers.ProductsController.Create (ProductService)'
2025-05-26 14:37:07.367 +05:00 [INF] Route matched with {action = "Create", controller = "Products"}. Executing controller action with signature System.Threading.Tasks.Task`1[Microsoft.AspNetCore.Mvc.IActionResult] Create(FluentValidation.IValidator`1[ProductService.Dtos.CreateProductDto], ProductService.Dtos.CreateProductDto) on controller ProductService.Controllers.ProductsController (ProductService).
2025-05-26 14:37:07.376 +05:00 [INF] Executing BadRequestObjectResult, writing value of type 'System.Collections.Generic.List`1[[FluentValidation.Results.ValidationFailure, FluentValidation, Version=12.0.0.0, Culture=neutral, PublicKeyToken=7de548da2fbae0f0]]'.
2025-05-26 14:37:07.381 +05:00 [INF] Executed action ProductService.Controllers.ProductsController.Create (ProductService) in 10.629ms
2025-05-26 14:37:07.383 +05:00 [INF] Executed endpoint 'ProductService.Controllers.ProductsController.Create (ProductService)'
2025-05-26 14:37:07.384 +05:00 [INF] Request finished HTTP/2 POST https://localhost:7081/api/Products - 400 null application/json; charset=utf-8 22.7182ms
2025-05-26 14:37:19.874 +05:00 [INF] Request starting HTTP/2 POST https://localhost:7081/api/Products - application/json 75
2025-05-26 14:37:19.878 +05:00 [INF] Executing endpoint 'ProductService.Controllers.ProductsController.Create (ProductService)'
2025-05-26 14:37:19.880 +05:00 [INF] Route matched with {action = "Create", controller = "Products"}. Executing controller action with signature System.Threading.Tasks.Task`1[Microsoft.AspNetCore.Mvc.IActionResult] Create(FluentValidation.IValidator`1[ProductService.Dtos.CreateProductDto], ProductService.Dtos.CreateProductDto) on controller ProductService.Controllers.ProductsController (ProductService).
2025-05-26 14:37:20.771 +05:00 [INF] Executed DbCommand (58ms) [Parameters=[@p0='?', @p1='?', @p2='?' (DbType = Decimal), @p3='?' (DbType = Int32)], CommandType='"Text"', CommandTimeout='30']
INSERT INTO products (description, name, price, stock)
VALUES (@p0, @p1, @p2, @p3)
RETURNING id;
2025-05-26 14:37:20.822 +05:00 [INF] Executing CreatedResult, writing value of type 'null'.
2025-05-26 14:37:20.824 +05:00 [INF] Executed action ProductService.Controllers.ProductsController.Create (ProductService) in 943.1801ms
2025-05-26 14:37:20.826 +05:00 [INF] Executed endpoint 'ProductService.Controllers.ProductsController.Create (ProductService)'
2025-05-26 14:37:20.834 +05:00 [INF] Request finished HTTP/2 POST https://localhost:7081/api/Products - 204 null null 959.7539ms
2025-05-26 14:37:26.942 +05:00 [INF] Request starting HTTP/2 GET https://localhost:7081/api/Products/5 - null null
2025-05-26 14:37:26.951 +05:00 [INF] Executing endpoint 'ProductService.Controllers.ProductsController.GetById (ProductService)'
2025-05-26 14:37:26.962 +05:00 [INF] Route matched with {action = "GetById", controller = "Products"}. Executing controller action with signature System.Threading.Tasks.Task`1[Microsoft.AspNetCore.Mvc.IActionResult] GetById(Int32) on controller ProductService.Controllers.ProductsController (ProductService).
2025-05-26 14:37:27.242 +05:00 [INF] Executed DbCommand (2ms) [Parameters=[@__id_0='?' (DbType = Int32)], CommandType='"Text"', CommandTimeout='30']
SELECT p.id, p.description, p.name, p.price, p.stock
FROM products AS p
WHERE p.id = @__id_0
LIMIT 1
2025-05-26 14:37:27.355 +05:00 [INF] Executed action ProductService.Controllers.ProductsController.GetById (ProductService) in 390.1659ms
2025-05-26 14:37:27.358 +05:00 [INF] Executed endpoint 'ProductService.Controllers.ProductsController.GetById (ProductService)'
2025-05-26 14:37:27.428 +05:00 [WRN] Not Found Exception: Product not found
ProductService.Exceptions.NotFoundException: Product not found
   at ProductService.Services.ProductServiceImpl.GetByIdAsync(Int32 id) in E:\c# .net\ProductService\ProductService\Services\ProductServiceImpl.cs:line 25
   at ProductService.Controllers.ProductsController.GetById(Int32 id) in E:\c# .net\ProductService\ProductService\Controllers\ProductsController.cs:line 16
   at Microsoft.AspNetCore.Mvc.Infrastructure.ActionMethodExecutor.TaskOfIActionResultExecutor.Execute(ActionContext actionContext, IActionResultTypeMapper mapper, ObjectMethodExecutor executor, Object controller, Object[] arguments)
   at Microsoft.AspNetCore.Mvc.Infrastructure.ControllerActionInvoker.<InvokeActionMethodAsync>g__Awaited|12_0(ControllerActionInvoker invoker, ValueTask`1 actionResultValueTask)
   at Microsoft.AspNetCore.Mvc.Infrastructure.ControllerActionInvoker.<InvokeNextActionFilterAsync>g__Awaited|10_0(ControllerActionInvoker invoker, Task lastTask, State next, Scope scope, Object state, Boolean isCompleted)
   at Microsoft.AspNetCore.Mvc.Infrastructure.ControllerActionInvoker.Rethrow(ActionExecutedContextSealed context)
   at Microsoft.AspNetCore.Mvc.Infrastructure.ControllerActionInvoker.Next(State& next, Scope& scope, Object& state, Boolean& isCompleted)
   at Microsoft.AspNetCore.Mvc.Infrastructure.ControllerActionInvoker.<InvokeInnerFilterAsync>g__Awaited|13_0(ControllerActionInvoker invoker, Task lastTask, State next, Scope scope, Object state, Boolean isCompleted)
   at Microsoft.AspNetCore.Mvc.Infrastructure.ResourceInvoker.<InvokeFilterPipelineAsync>g__Awaited|20_0(ResourceInvoker invoker, Task lastTask, State next, Scope scope, Object state, Boolean isCompleted)
   at Microsoft.AspNetCore.Mvc.Infrastructure.ResourceInvoker.<InvokeAsync>g__Logged|17_1(ResourceInvoker invoker)
   at Microsoft.AspNetCore.Mvc.Infrastructure.ResourceInvoker.<InvokeAsync>g__Logged|17_1(ResourceInvoker invoker)
   at Microsoft.AspNetCore.Routing.EndpointMiddleware.<Invoke>g__AwaitRequestTask|7_0(Endpoint endpoint, Task requestTask, ILogger logger)
   at Microsoft.AspNetCore.Authorization.AuthorizationMiddleware.Invoke(HttpContext context)
   at ProductService.Middlewares.ExceptionHandlingMiddleware.InvokeAsync(HttpContext context) in E:\c# .net\ProductService\ProductService\Middlewares\ExceptionHandlingMiddleware.cs:line 20
2025-05-26 14:37:27.468 +05:00 [INF] Request finished HTTP/2 GET https://localhost:7081/api/Products/5 - 404 null application/json; charset=utf-8 526.1755ms
2025-05-26 14:37:31.088 +05:00 [INF] Request starting HTTP/2 GET https://localhost:7081/api/Products/4 - null null
2025-05-26 14:37:31.095 +05:00 [INF] Executing endpoint 'ProductService.Controllers.ProductsController.GetById (ProductService)'
2025-05-26 14:37:31.097 +05:00 [INF] Route matched with {action = "GetById", controller = "Products"}. Executing controller action with signature System.Threading.Tasks.Task`1[Microsoft.AspNetCore.Mvc.IActionResult] GetById(Int32) on controller ProductService.Controllers.ProductsController (ProductService).
2025-05-26 14:37:31.123 +05:00 [INF] Executed DbCommand (4ms) [Parameters=[@__id_0='?' (DbType = Int32)], CommandType='"Text"', CommandTimeout='30']
SELECT p.id, p.description, p.name, p.price, p.stock
FROM products AS p
WHERE p.id = @__id_0
LIMIT 1
2025-05-26 14:37:31.134 +05:00 [INF] Executing OkObjectResult, writing value of type 'ProductService.Dtos.ProductDto'.
2025-05-26 14:37:31.138 +05:00 [INF] Executed action ProductService.Controllers.ProductsController.GetById (ProductService) in 37.1007ms
2025-05-26 14:37:31.139 +05:00 [INF] Executed endpoint 'ProductService.Controllers.ProductsController.GetById (ProductService)'
2025-05-26 14:37:31.141 +05:00 [INF] Request finished HTTP/2 GET https://localhost:7081/api/Products/4 - 200 null application/json; charset=utf-8 52.8033ms
2025-05-26 14:37:34.922 +05:00 [INF] Request starting HTTP/2 GET https://localhost:7081/api/Products/3 - null null
2025-05-26 14:37:34.927 +05:00 [INF] Executing endpoint 'ProductService.Controllers.ProductsController.GetById (ProductService)'
2025-05-26 14:37:34.928 +05:00 [INF] Route matched with {action = "GetById", controller = "Products"}. Executing controller action with signature System.Threading.Tasks.Task`1[Microsoft.AspNetCore.Mvc.IActionResult] GetById(Int32) on controller ProductService.Controllers.ProductsController (ProductService).
2025-05-26 14:37:34.935 +05:00 [INF] Executed DbCommand (1ms) [Parameters=[@__id_0='?' (DbType = Int32)], CommandType='"Text"', CommandTimeout='30']
SELECT p.id, p.description, p.name, p.price, p.stock
FROM products AS p
WHERE p.id = @__id_0
LIMIT 1
2025-05-26 14:37:34.940 +05:00 [INF] Executing OkObjectResult, writing value of type 'ProductService.Dtos.ProductDto'.
2025-05-26 14:37:34.942 +05:00 [INF] Executed action ProductService.Controllers.ProductsController.GetById (ProductService) in 11.1316ms
2025-05-26 14:37:34.947 +05:00 [INF] Executed endpoint 'ProductService.Controllers.ProductsController.GetById (ProductService)'
2025-05-26 14:37:34.948 +05:00 [INF] Request finished HTTP/2 GET https://localhost:7081/api/Products/3 - 200 null application/json; charset=utf-8 26.5012ms
2025-05-26 14:57:29.262 +05:00 [INF] Now listening on: https://localhost:7081
2025-05-26 14:57:29.297 +05:00 [INF] Now listening on: http://localhost:5163
2025-05-26 14:57:29.381 +05:00 [INF] Application started. Press Ctrl+C to shut down.
2025-05-26 14:57:29.382 +05:00 [INF] Hosting environment: Development
2025-05-26 14:57:29.383 +05:00 [INF] Content root path: E:\c# .net\ProductService\ProductService
2025-05-26 14:58:24.709 +05:00 [INF] Request starting HTTP/1.1 GET https://localhost:7081/api/Products/4 - null null
2025-05-26 14:58:24.745 +05:00 [INF] Executing endpoint 'ProductService.Controllers.ProductsController.GetById (ProductService)'
2025-05-26 14:58:24.766 +05:00 [INF] Route matched with {action = "GetById", controller = "Products"}. Executing controller action with signature System.Threading.Tasks.Task`1[Microsoft.AspNetCore.Mvc.IActionResult] GetById(Int32) on controller ProductService.Controllers.ProductsController (ProductService).
2025-05-26 14:58:25.811 +05:00 [INF] Executed DbCommand (47ms) [Parameters=[@__id_0='?' (DbType = Int32)], CommandType='"Text"', CommandTimeout='30']
SELECT p.id, p.description, p.name, p.price, p.stock
FROM products AS p
WHERE p.id = @__id_0
LIMIT 1
2025-05-26 14:58:25.890 +05:00 [INF] Executing OkObjectResult, writing value of type 'ProductService.Dtos.ProductDto'.
2025-05-26 14:58:25.914 +05:00 [INF] Executed action ProductService.Controllers.ProductsController.GetById (ProductService) in 1143.3975ms
2025-05-26 14:58:25.917 +05:00 [INF] Executed endpoint 'ProductService.Controllers.ProductsController.GetById (ProductService)'
2025-05-26 14:58:25.926 +05:00 [INF] Request finished HTTP/1.1 GET https://localhost:7081/api/Products/4 - 200 null application/json; charset=utf-8 1222.1115ms
2025-05-26 14:58:25.935 +05:00 [INF] Request starting HTTP/1.1 PUT https://localhost:7081/api/Products/4/stock - application/json; charset=utf-8 14
2025-05-26 14:58:25.940 +05:00 [INF] Executing endpoint 'ProductService.Controllers.ProductsController.UpdateStock (ProductService)'
2025-05-26 14:58:25.944 +05:00 [INF] Route matched with {action = "UpdateStock", controller = "Products"}. Executing controller action with signature System.Threading.Tasks.Task`1[Microsoft.AspNetCore.Mvc.IActionResult] UpdateStock(Int32, ProductService.Dtos.UpdateStockDto) on controller ProductService.Controllers.ProductsController (ProductService).
2025-05-26 14:58:25.989 +05:00 [INF] Executed DbCommand (5ms) [Parameters=[@__id_0='?' (DbType = Int32)], CommandType='"Text"', CommandTimeout='30']
SELECT p.id, p.description, p.name, p.price, p.stock
FROM products AS p
WHERE p.id = @__id_0
LIMIT 1
2025-05-26 14:58:26.058 +05:00 [INF] Executed DbCommand (10ms) [Parameters=[@p4='?' (DbType = Int32), @p0='?', @p1='?', @p2='?' (DbType = Decimal), @p3='?' (DbType = Int32)], CommandType='"Text"', CommandTimeout='30']
UPDATE products SET description = @p0, name = @p1, price = @p2, stock = @p3
WHERE id = @p4;
2025-05-26 14:58:26.069 +05:00 [INF] Executing StatusCodeResult, setting HTTP status code 204
2025-05-26 14:58:26.071 +05:00 [INF] Executed action ProductService.Controllers.ProductsController.UpdateStock (ProductService) in 124.8154ms
2025-05-26 14:58:26.072 +05:00 [INF] Executed endpoint 'ProductService.Controllers.ProductsController.UpdateStock (ProductService)'
2025-05-26 14:58:26.073 +05:00 [INF] Request finished HTTP/1.1 PUT https://localhost:7081/api/Products/4/stock - 204 null null 138.0102ms
2025-05-26 14:58:52.589 +05:00 [INF] Request starting HTTP/2 GET https://localhost:7081/api/Products/4 - null null
2025-05-26 14:58:52.596 +05:00 [INF] Executing endpoint 'ProductService.Controllers.ProductsController.GetById (ProductService)'
2025-05-26 14:58:52.598 +05:00 [INF] Route matched with {action = "GetById", controller = "Products"}. Executing controller action with signature System.Threading.Tasks.Task`1[Microsoft.AspNetCore.Mvc.IActionResult] GetById(Int32) on controller ProductService.Controllers.ProductsController (ProductService).
2025-05-26 14:58:52.659 +05:00 [INF] Executed DbCommand (1ms) [Parameters=[@__id_0='?' (DbType = Int32)], CommandType='"Text"', CommandTimeout='30']
SELECT p.id, p.description, p.name, p.price, p.stock
FROM products AS p
WHERE p.id = @__id_0
LIMIT 1
2025-05-26 14:58:52.663 +05:00 [INF] Executing OkObjectResult, writing value of type 'ProductService.Dtos.ProductDto'.
2025-05-26 14:58:52.665 +05:00 [INF] Executed action ProductService.Controllers.ProductsController.GetById (ProductService) in 65.4902ms
2025-05-26 14:58:52.667 +05:00 [INF] Executed endpoint 'ProductService.Controllers.ProductsController.GetById (ProductService)'
2025-05-26 14:58:52.669 +05:00 [INF] Request finished HTTP/2 GET https://localhost:7081/api/Products/4 - 200 null application/json; charset=utf-8 81.0061ms
