2025-05-26 14:57:43.474 +05:00 [INF] Now listening on: https://localhost:7247
2025-05-26 14:57:43.506 +05:00 [INF] Now listening on: http://localhost:5128
2025-05-26 14:57:43.581 +05:00 [INF] Application started. Press Ctrl+C to shut down.
2025-05-26 14:57:43.583 +05:00 [INF] Hosting environment: Development
2025-05-26 14:57:43.584 +05:00 [INF] Content root path: E:\c# .net\OrderService
2025-05-26 14:57:50.896 +05:00 [INF] Request starting HTTP/2 GET https://localhost:7247/ - null null
2025-05-26 14:57:51.007 +05:00 [INF] Request finished HTTP/2 GET https://localhost:7247/ - 404 0 null 120.0949ms
2025-05-26 14:57:51.015 +05:00 [INF] Request reached the end of the middleware pipeline without being handled by application code. Request path: GET https://localhost:7247/, Response status code: 404
2025-05-26 14:57:56.879 +05:00 [INF] Request starting HTTP/2 GET https://localhost:7247/swagger - null null
2025-05-26 14:57:56.889 +05:00 [INF] Request finished HTTP/2 GET https://localhost:7247/swagger - 301 0 null 11.0315ms
2025-05-26 14:57:56.895 +05:00 [INF] Request starting HTTP/2 GET https://localhost:7247/swagger/index.html - null null
2025-05-26 14:57:56.961 +05:00 [INF] Request finished HTTP/2 GET https://localhost:7247/swagger/index.html - 200 null text/html;charset=utf-8 66.6248ms
2025-05-26 14:57:56.984 +05:00 [INF] Request starting HTTP/2 GET https://localhost:7247/swagger/swagger-ui.css - null null
2025-05-26 14:57:56.984 +05:00 [INF] Request starting HTTP/2 GET https://localhost:7247/swagger/index.css - null null
2025-05-26 14:57:56.984 +05:00 [INF] Request starting HTTP/2 GET https://localhost:7247/swagger/swagger-ui-bundle.js - null null
2025-05-26 14:57:56.985 +05:00 [INF] Request starting HTTP/2 GET https://localhost:7247/swagger/index.js - null null
2025-05-26 14:57:56.985 +05:00 [INF] Request starting HTTP/2 GET https://localhost:7247/swagger/swagger-ui-standalone-preset.js - null null
2025-05-26 14:57:57.005 +05:00 [INF] Request finished HTTP/2 GET https://localhost:7247/swagger/index.js - 200 null application/javascript;charset=utf-8 20.5637ms
2025-05-26 14:57:57.015 +05:00 [INF] Sending file. Request path: '/index.css'. Physical path: 'N/A'
2025-05-26 14:57:56.991 +05:00 [INF] Request starting HTTP/2 GET https://localhost:7247/_framework/aspnetcore-browser-refresh.js - null null
2025-05-26 14:57:57.025 +05:00 [INF] Request finished HTTP/2 GET https://localhost:7247/swagger/index.css - 200 202 text/css 41.4846ms
2025-05-26 14:57:57.045 +05:00 [INF] Request finished HTTP/2 GET https://localhost:7247/_framework/aspnetcore-browser-refresh.js - 200 13760 application/javascript; charset=utf-8 53.9319ms
2025-05-26 14:57:57.045 +05:00 [INF] Sending file. Request path: '/swagger-ui.css'. Physical path: 'N/A'
2025-05-26 14:57:57.045 +05:00 [INF] Sending file. Request path: '/swagger-ui-standalone-preset.js'. Physical path: 'N/A'
2025-05-26 14:57:57.056 +05:00 [INF] Request finished HTTP/2 GET https://localhost:7247/swagger/swagger-ui.css - 200 154949 text/css 72.5465ms
2025-05-26 14:57:57.057 +05:00 [INF] Request finished HTTP/2 GET https://localhost:7247/swagger/swagger-ui-standalone-preset.js - 200 229223 text/javascript 72.7176ms
2025-05-26 14:57:57.076 +05:00 [INF] Sending file. Request path: '/swagger-ui-bundle.js'. Physical path: 'N/A'
2025-05-26 14:57:57.077 +05:00 [INF] Request finished HTTP/2 GET https://localhost:7247/swagger/swagger-ui-bundle.js - 200 1484234 text/javascript 93.3909ms
2025-05-26 14:57:57.400 +05:00 [INF] Request starting HTTP/2 GET https://localhost:7247/_vs/browserLink - null null
2025-05-26 14:57:57.441 +05:00 [INF] Request finished HTTP/2 GET https://localhost:7247/_vs/browserLink - 200 null text/javascript; charset=UTF-8 40.989ms
2025-05-26 14:57:58.118 +05:00 [INF] Request starting HTTP/2 GET https://localhost:7247/swagger/v1/swagger.json - null null
2025-05-26 14:57:58.218 +05:00 [INF] Request finished HTTP/2 GET https://localhost:7247/swagger/v1/swagger.json - 200 null application/json;charset=utf-8 100.687ms
2025-05-26 14:58:07.178 +05:00 [INF] Request starting HTTP/2 GET https://localhost:7247/api/Orders/2 - null null
2025-05-26 14:58:07.184 +05:00 [INF] Executing endpoint 'OrderService.Controllers.OrdersController.GetById (OrderService)'
2025-05-26 14:58:07.206 +05:00 [INF] Route matched with {action = "GetById", controller = "Orders"}. Executing controller action with signature System.Threading.Tasks.Task`1[Microsoft.AspNetCore.Mvc.IActionResult] GetById(Int32) on controller OrderService.Controllers.OrdersController (OrderService).
2025-05-26 14:58:08.832 +05:00 [INF] Executed DbCommand (53ms) [Parameters=[@__id_0='?' (DbType = Int32)], CommandType='"Text"', CommandTimeout='30']
SELECT o.id, o.created_at, o.product_id, o.quantity, o.total_price
FROM orders AS o
WHERE o.id = @__id_0
LIMIT 1
2025-05-26 14:58:08.920 +05:00 [INF] Executing OkObjectResult, writing value of type 'OrderService.Dtos.OrderDto'.
2025-05-26 14:58:08.938 +05:00 [INF] Executed action OrderService.Controllers.OrdersController.GetById (OrderService) in 1726.4227ms
2025-05-26 14:58:08.941 +05:00 [INF] Executed endpoint 'OrderService.Controllers.OrdersController.GetById (OrderService)'
2025-05-26 14:58:08.947 +05:00 [INF] Request finished HTTP/2 GET https://localhost:7247/api/Orders/2 - 200 null application/json; charset=utf-8 1769.7474ms
2025-05-26 14:58:24.572 +05:00 [INF] Request starting HTTP/2 POST https://localhost:7247/api/Orders - application/json 37
2025-05-26 14:58:24.577 +05:00 [INF] Executing endpoint 'OrderService.Controllers.OrdersController.Create (OrderService)'
2025-05-26 14:58:24.581 +05:00 [INF] Route matched with {action = "Create", controller = "Orders"}. Executing controller action with signature System.Threading.Tasks.Task`1[Microsoft.AspNetCore.Mvc.IActionResult] Create(OrderService.Dtos.CreateOrderDto) on controller OrderService.Controllers.OrdersController (OrderService).
2025-05-26 14:58:24.612 +05:00 [INF] Start processing HTTP request GET https://localhost:7081/api/Products/4
2025-05-26 14:58:24.615 +05:00 [INF] Sending HTTP request GET https://localhost:7081/api/Products/4
2025-05-26 14:58:25.913 +05:00 [INF] Received HTTP response headers after 1295.7004ms - 200
2025-05-26 14:58:25.916 +05:00 [INF] End processing HTTP request after 1305.5193ms - 200
2025-05-26 14:58:25.928 +05:00 [INF] Start processing HTTP request PUT https://localhost:7081/api/Products/4/stock
2025-05-26 14:58:25.930 +05:00 [INF] Sending HTTP request PUT https://localhost:7081/api/Products/4/stock
2025-05-26 14:58:26.073 +05:00 [INF] Received HTTP response headers after 142.3965ms - 204
2025-05-26 14:58:26.075 +05:00 [INF] End processing HTTP request after 146.4475ms - 204
2025-05-26 14:58:26.192 +05:00 [INF] Executed DbCommand (9ms) [Parameters=[@p0='?' (DbType = DateTime), @p1='?' (DbType = Int32), @p2='?' (DbType = Int32), @p3='?' (DbType = Decimal)], CommandType='"Text"', CommandTimeout='30']
INSERT INTO orders (created_at, product_id, quantity, total_price)
VALUES (@p0, @p1, @p2, @p3)
RETURNING id;
2025-05-26 14:58:26.213 +05:00 [INF] Executing CreatedResult, writing value of type 'null'.
2025-05-26 14:58:26.215 +05:00 [INF] Executed action OrderService.Controllers.OrdersController.Create (OrderService) in 1631.4949ms
2025-05-26 14:58:26.216 +05:00 [INF] Executed endpoint 'OrderService.Controllers.OrdersController.Create (OrderService)'
2025-05-26 14:58:26.217 +05:00 [INF] Request finished HTTP/2 POST https://localhost:7247/api/Orders - 204 null null 1644.7955ms
2025-05-26 14:58:32.125 +05:00 [INF] Request starting HTTP/2 GET https://localhost:7247/api/Orders/4 - null null
2025-05-26 14:58:32.128 +05:00 [INF] Executing endpoint 'OrderService.Controllers.OrdersController.GetById (OrderService)'
2025-05-26 14:58:32.130 +05:00 [INF] Route matched with {action = "GetById", controller = "Orders"}. Executing controller action with signature System.Threading.Tasks.Task`1[Microsoft.AspNetCore.Mvc.IActionResult] GetById(Int32) on controller OrderService.Controllers.OrdersController (OrderService).
2025-05-26 14:58:32.202 +05:00 [INF] Executed DbCommand (2ms) [Parameters=[@__id_0='?' (DbType = Int32)], CommandType='"Text"', CommandTimeout='30']
SELECT o.id, o.created_at, o.product_id, o.quantity, o.total_price
FROM orders AS o
WHERE o.id = @__id_0
LIMIT 1
2025-05-26 14:58:32.206 +05:00 [INF] Executing OkObjectResult, writing value of type 'OrderService.Dtos.OrderDto'.
2025-05-26 14:58:32.207 +05:00 [INF] Executed action OrderService.Controllers.OrdersController.GetById (OrderService) in 75.4315ms
2025-05-26 14:58:32.209 +05:00 [INF] Executed endpoint 'OrderService.Controllers.OrdersController.GetById (OrderService)'
2025-05-26 14:58:32.210 +05:00 [INF] Request finished HTTP/2 GET https://localhost:7247/api/Orders/4 - 200 null application/json; charset=utf-8 85.1468ms
2025-05-26 14:58:39.013 +05:00 [INF] Request starting HTTP/2 GET https://localhost:7247/api/Orders/5 - null null
2025-05-26 14:58:39.016 +05:00 [INF] Executing endpoint 'OrderService.Controllers.OrdersController.GetById (OrderService)'
2025-05-26 14:58:39.017 +05:00 [INF] Route matched with {action = "GetById", controller = "Orders"}. Executing controller action with signature System.Threading.Tasks.Task`1[Microsoft.AspNetCore.Mvc.IActionResult] GetById(Int32) on controller OrderService.Controllers.OrdersController (OrderService).
2025-05-26 14:58:39.022 +05:00 [INF] Executed DbCommand (1ms) [Parameters=[@__id_0='?' (DbType = Int32)], CommandType='"Text"', CommandTimeout='30']
SELECT o.id, o.created_at, o.product_id, o.quantity, o.total_price
FROM orders AS o
WHERE o.id = @__id_0
LIMIT 1
2025-05-26 14:58:39.026 +05:00 [INF] Executing OkObjectResult, writing value of type 'OrderService.Dtos.OrderDto'.
2025-05-26 14:58:39.028 +05:00 [INF] Executed action OrderService.Controllers.OrdersController.GetById (OrderService) in 8.6116ms
2025-05-26 14:58:39.030 +05:00 [INF] Executed endpoint 'OrderService.Controllers.OrdersController.GetById (OrderService)'
2025-05-26 14:58:39.031 +05:00 [INF] Request finished HTTP/2 GET https://localhost:7247/api/Orders/5 - 200 null application/json; charset=utf-8 18.1927ms
